build/app/intermediates/manifest_merge_blame_file/release/manifest-merger-blame-release-report.txt
1<?xml version="1.0" encoding="utf-8"?>
2<manifest xmlns:android="http://schemas.android.com/apk/res/android"
3    package="com.myapp.bossa"
4    android:versionCode="55"
5    android:versionName="2.43.1" >
6
7    <uses-sdk
8        android:minSdkVersion="21"
8-->src/main/AndroidManifest.xml
9        android:targetSdkVersion="34" />
9-->src/main/AndroidManifest.xml
10    <!--
11         io.flutter.app.FlutterApplication is an android.app.Application that
12                         calls FlutterMain.startInitialization(this); in its onCreate method.
13                         In most cases you can leave this as-is, but you if you want to provide
14                         additional functionality it is fine to subclass or reimplement
15                         FlutterApplication and put your custom class here.
16    -->
17    <uses-permission android:name="android.permission.INTERNET" />
17-->src/main/AndroidManifest.xml:8:5-66
17-->src/main/AndroidManifest.xml:8:22-64
18    <uses-permission android:name="android.permission.WRITE_EXTERNAL_STORAGE" />
18-->src/main/AndroidManifest.xml:9:5-80
18-->src/main/AndroidManifest.xml:9:22-78
19    <uses-permission android:name="android.permission.READ_EXTERNAL_STORAGE" />
19-->src/main/AndroidManifest.xml:10:5-79
19-->src/main/AndroidManifest.xml:10:22-77
20    <uses-permission android:name="android.permission.RECEIVE_BOOT_COMPLETED" />
20-->src/main/AndroidManifest.xml:11:5-80
20-->src/main/AndroidManifest.xml:11:22-78
21    <uses-permission android:name="android.permission.ACCESS_FINE_LOCATION" />
21-->src/main/AndroidManifest.xml:21:5-78
21-->src/main/AndroidManifest.xml:21:22-76
22    <uses-permission android:name="android.permission.ACCESS_COARSE_LOCATION" />
22-->src/main/AndroidManifest.xml:22:5-80
22-->src/main/AndroidManifest.xml:22:22-78
23    <uses-permission android:name="android.permission.ACCESS_BACKGROUND_LOCATION" />
23-->src/main/AndroidManifest.xml:23:5-84
23-->src/main/AndroidManifest.xml:23:22-82
24    <uses-permission android:name="android.permission.WAKE_LOCK" />
24-->src/main/AndroidManifest.xml:25:5-67
24-->src/main/AndroidManifest.xml:25:22-65
25    <uses-permission android:name="android.permission.FOREGROUND_SERVICE" />
25-->src/main/AndroidManifest.xml:26:5-76
25-->src/main/AndroidManifest.xml:26:22-74
26
27    <queries>
27-->src/main/AndroidManifest.xml:62:5-83:15
28
29        <!-- If your app opens https URLs -->
30        <intent>
30-->src/main/AndroidManifest.xml:64:9-67:18
31            <action android:name="android.intent.action.VIEW" />
31-->src/main/AndroidManifest.xml:65:13-64
31-->src/main/AndroidManifest.xml:65:21-62
32
33            <data android:scheme="https" />
33-->src/main/AndroidManifest.xml:66:13-43
33-->src/main/AndroidManifest.xml:66:19-41
34        </intent>
35        <!-- If your app makes calls -->
36        <intent>
36-->src/main/AndroidManifest.xml:69:9-72:18
37            <action android:name="android.intent.action.DIAL" />
37-->src/main/AndroidManifest.xml:70:13-64
37-->src/main/AndroidManifest.xml:70:21-62
38
39            <data android:scheme="tel" />
39-->src/main/AndroidManifest.xml:66:13-43
39-->src/main/AndroidManifest.xml:66:19-41
40        </intent>
41        <!-- If your sends SMS messages -->
42        <intent>
42-->src/main/AndroidManifest.xml:74:9-77:18
43            <action android:name="android.intent.action.SENDTO" />
43-->src/main/AndroidManifest.xml:75:13-66
43-->src/main/AndroidManifest.xml:75:21-64
44
45            <data android:scheme="smsto" />
45-->src/main/AndroidManifest.xml:66:13-43
45-->src/main/AndroidManifest.xml:66:19-41
46        </intent>
47        <!-- If your app sends emails -->
48        <intent>
48-->src/main/AndroidManifest.xml:79:9-82:18
49            <action android:name="android.intent.action.SEND" />
49-->src/main/AndroidManifest.xml:80:13-64
49-->src/main/AndroidManifest.xml:80:21-62
50
51            <data android:mimeType="*/*" />
51-->src/main/AndroidManifest.xml:66:13-43
51-->src/main/AndroidManifest.xml:81:19-41
52        </intent>
53        <intent>
53-->[com.huawei.hms:device:6.9.0.300] AndroidManifest.xml:15:9-17:18
54            <action android:name="com.huawei.hms.core.aidlservice" />
54-->[com.huawei.hms:device:6.9.0.300] AndroidManifest.xml:16:13-70
54-->[com.huawei.hms:device:6.9.0.300] AndroidManifest.xml:16:21-67
55        </intent>
56        <intent>
56-->[com.huawei.hms:device:6.9.0.300] AndroidManifest.xml:18:9-20:18
57            <action android:name="com.huawei.hms.core" />
57-->[com.huawei.hms:device:6.9.0.300] AndroidManifest.xml:19:13-58
57-->[com.huawei.hms:device:6.9.0.300] AndroidManifest.xml:19:21-55
58        </intent>
59    </queries>
60
61    <uses-permission android:name="android.permission.ACCESS_NETWORK_STATE" /> <!-- Permissions options for the `notification` group -->
61-->[:firebase_messaging] AndroidManifest.xml:9:5-79
61-->[:firebase_messaging] AndroidManifest.xml:9:22-76
62    <uses-permission android:name="android.permission.POST_NOTIFICATIONS" />
62-->[:firebase_messaging] AndroidManifest.xml:11:5-77
62-->[:firebase_messaging] AndroidManifest.xml:11:22-74
63    <uses-permission android:name="android.permission.VIBRATE" />
63-->[:flutter_local_notifications] AndroidManifest.xml:8:5-66
63-->[:flutter_local_notifications] AndroidManifest.xml:8:22-63
64    <uses-permission android:name="android.permission.USE_FULL_SCREEN_INTENT" />
64-->[:flutter_local_notifications] AndroidManifest.xml:9:5-81
64-->[:flutter_local_notifications] AndroidManifest.xml:9:22-78
65    <uses-permission
65-->[:flutter_local_notifications] AndroidManifest.xml:10:5-79
66        android:name="android.permission.SCHEDULE_EXACT_ALARM"
66-->[:flutter_local_notifications] AndroidManifest.xml:10:22-76
67        android:maxSdkVersion="33" /> <!-- Required by older versions of Google Play services to create IID tokens -->
67-->[com.transistorsoft:tsbackgroundfetch:1.0.2] AndroidManifest.xml:11:9-35
68    <uses-permission android:name="com.google.android.c2dm.permission.RECEIVE" />
68-->[com.google.firebase:firebase-messaging:23.3.1] AndroidManifest.xml:26:5-82
68-->[com.google.firebase:firebase-messaging:23.3.1] AndroidManifest.xml:26:22-79
69    <uses-permission android:name="com.google.android.gms.permission.AD_ID" />
69-->[com.google.android.gms:play-services-measurement-api:21.5.0] AndroidManifest.xml:25:5-79
69-->[com.google.android.gms:play-services-measurement-api:21.5.0] AndroidManifest.xml:25:22-76
70    <uses-permission android:name="android.permission.ACCESS_ADSERVICES_ATTRIBUTION" />
70-->[com.google.android.gms:play-services-measurement-api:21.5.0] AndroidManifest.xml:26:5-88
70-->[com.google.android.gms:play-services-measurement-api:21.5.0] AndroidManifest.xml:26:22-85
71    <uses-permission android:name="android.permission.ACCESS_ADSERVICES_AD_ID" />
71-->[com.google.android.gms:play-services-measurement-api:21.5.0] AndroidManifest.xml:27:5-82
71-->[com.google.android.gms:play-services-measurement-api:21.5.0] AndroidManifest.xml:27:22-79
72    <uses-permission android:name="com.google.android.finsky.permission.BIND_GET_INSTALL_REFERRER_SERVICE" /> <!-- 用途：访问WLAN状态（网络定位使用） 涉及模块：融合定位、室内室外定位、地理围栏、众包 -->
72-->[com.google.android.gms:play-services-measurement:21.5.0] AndroidManifest.xml:26:5-110
72-->[com.google.android.gms:play-services-measurement:21.5.0] AndroidManifest.xml:26:22-107
73    <uses-permission android:name="android.permission.ACCESS_WIFI_STATE" /> <!-- 用途：改变WLAN状态的开关（网络定位使用） 涉及模块：融合定位、室内室外定位、地理围栏、众包 -->
73-->[com.huawei.hms.LocationLiteSdk:core:2.9.0.300] AndroidManifest.xml:16:5-76
73-->[com.huawei.hms.LocationLiteSdk:core:2.9.0.300] AndroidManifest.xml:16:22-73
74    <uses-permission android:name="android.permission.CHANGE_WIFI_STATE" />
74-->[com.huawei.hms.LocationLiteSdk:core:2.9.0.300] AndroidManifest.xml:17:5-76
74-->[com.huawei.hms.LocationLiteSdk:core:2.9.0.300] AndroidManifest.xml:17:22-73
75
76    <permission
76-->[androidx.core:core:1.10.1] AndroidManifest.xml:22:5-24:47
77        android:name="com.myapp.bossa.DYNAMIC_RECEIVER_NOT_EXPORTED_PERMISSION"
77-->[androidx.core:core:1.10.1] AndroidManifest.xml:23:9-81
78        android:protectionLevel="signature" />
78-->[androidx.core:core:1.10.1] AndroidManifest.xml:24:9-44
79
80    <uses-permission android:name="com.myapp.bossa.DYNAMIC_RECEIVER_NOT_EXPORTED_PERMISSION" />
80-->[androidx.core:core:1.10.1] AndroidManifest.xml:26:5-97
80-->[androidx.core:core:1.10.1] AndroidManifest.xml:26:22-94
81    <uses-permission android:name="android.permission.ACTIVITY_RECOGNITION" />
81-->[com.transistorsoft:tslocationmanager-v21:3.5.2] AndroidManifest.xml:12:5-79
81-->[com.transistorsoft:tslocationmanager-v21:3.5.2] AndroidManifest.xml:12:22-76
82    <uses-permission android:name="com.google.android.gms.permission.ACTIVITY_RECOGNITION" />
82-->[com.transistorsoft:tslocationmanager-v21:3.5.2] AndroidManifest.xml:16:5-94
82-->[com.transistorsoft:tslocationmanager-v21:3.5.2] AndroidManifest.xml:16:22-91
83    <uses-permission android:name="com.huawei.hms.permission.ACTIVITY_RECOGNITION" />
83-->[com.transistorsoft:tslocationmanager-v21:3.5.2] AndroidManifest.xml:17:5-86
83-->[com.transistorsoft:tslocationmanager-v21:3.5.2] AndroidManifest.xml:17:22-83
84    <uses-permission android:name="android.permission.FOREGROUND_SERVICE_HEALTH" />
84-->[com.transistorsoft:tslocationmanager-v21:3.5.2] AndroidManifest.xml:23:5-84
84-->[com.transistorsoft:tslocationmanager-v21:3.5.2] AndroidManifest.xml:23:22-81
85    <uses-permission android:name="android.permission.FOREGROUND_SERVICE_LOCATION" />
85-->[com.transistorsoft:tslocationmanager-v21:3.5.2] AndroidManifest.xml:24:5-86
85-->[com.transistorsoft:tslocationmanager-v21:3.5.2] AndroidManifest.xml:24:22-83
86    <!--
87    This permission overrids Android 12 restriction on starting foreground-serivces in background
88    but the permission is available only to "priveliged" apps (EMERGENCY apps)
89
90    <uses-permission android:name="android.permission.START_FOREGROUND_SERVICES_FROM_BACKGROUND" />
91    -->
92    <!-- device-specific permissions for DeviceSettings methods -->
93    <uses-permission android:name="oppo.permission.OPPO_COMPONENT_SAFE" />
93-->[com.transistorsoft:tslocationmanager-v21:3.5.2] AndroidManifest.xml:34:5-75
93-->[com.transistorsoft:tslocationmanager-v21:3.5.2] AndroidManifest.xml:34:22-72
94    <uses-permission android:name="com.huawei.permission.external_app_settings.USE_COMPONENT" />
94-->[com.transistorsoft:tslocationmanager-v21:3.5.2] AndroidManifest.xml:35:5-97
94-->[com.transistorsoft:tslocationmanager-v21:3.5.2] AndroidManifest.xml:35:22-94
95
96    <uses-feature
96-->[com.transistorsoft:tslocationmanager-v21:3.5.2] AndroidManifest.xml:37:5-39:36
97        android:name="android.hardware.location.gps"
97-->[com.transistorsoft:tslocationmanager-v21:3.5.2] AndroidManifest.xml:38:9-53
98        android:required="false" />
98-->[com.transistorsoft:tslocationmanager-v21:3.5.2] AndroidManifest.xml:39:9-33
99
100    <permission
100-->[com.huawei.hms:push:6.11.0.300] AndroidManifest.xml:9:5-11:47
101        android:name="com.myapp.bossa.permission.PROCESS_PUSH_MSG"
101-->[com.huawei.hms:push:6.11.0.300] AndroidManifest.xml:10:9-68
102        android:protectionLevel="signature" /> <!-- PUSH_PROVIDER and PUSH_WRITE_PROVIDER are both provider registered permissions for the notification switch. -->
102-->[com.huawei.hms:push:6.11.0.300] AndroidManifest.xml:11:9-44
103    <!-- The SDK's notification bar switch, EMUI 9.x becomes write to the local sp, sharing the file through the provider to the push-rom, which reads the sp file to get the status of the notification bar switch. -->
104    <permission
104-->[com.huawei.hms:push:6.11.0.300] AndroidManifest.xml:14:5-16:47
105        android:name="com.myapp.bossa.permission.PUSH_PROVIDER"
105-->[com.huawei.hms:push:6.11.0.300] AndroidManifest.xml:15:9-65
106        android:protectionLevel="signature" />
106-->[com.huawei.hms:push:6.11.0.300] AndroidManifest.xml:16:9-44
107    <permission
107-->[com.huawei.hms:push:6.11.0.300] AndroidManifest.xml:17:5-19:47
108        android:name="com.myapp.bossa.permission.PUSH_WRITE_PROVIDER"
108-->[com.huawei.hms:push:6.11.0.300] AndroidManifest.xml:18:9-71
109        android:protectionLevel="signature" />
109-->[com.huawei.hms:push:6.11.0.300] AndroidManifest.xml:19:9-44
110
111    <uses-permission android:name="com.myapp.bossa.permission.PROCESS_PUSH_MSG" />
111-->[com.huawei.hms:push:6.11.0.300] AndroidManifest.xml:21:5-84
111-->[com.huawei.hms:push:6.11.0.300] AndroidManifest.xml:21:22-81
112    <uses-permission android:name="com.myapp.bossa.permission.PUSH_PROVIDER" />
112-->[com.huawei.hms:push:6.11.0.300] AndroidManifest.xml:22:5-81
112-->[com.huawei.hms:push:6.11.0.300] AndroidManifest.xml:22:22-78
113
114    <application
115        android:name="android.app.Application"
115-->src/main/AndroidManifest.xml:27:48-81
116        android:appComponentFactory="androidx.core.app.CoreComponentFactory"
116-->[androidx.core:core:1.10.1] AndroidManifest.xml:28:18-86
117        android:icon="@mipmap/ic_notification"
117-->src/main/AndroidManifest.xml:27:112-150
118        android:label="BOSSA REWARDS" >
118-->src/main/AndroidManifest.xml:27:82-111
119        <activity
119-->src/main/AndroidManifest.xml:29:9-41:20
120            android:name="com.myapp.bossa.MainActivity"
120-->src/main/AndroidManifest.xml:30:43-71
121            android:configChanges="orientation|keyboardHidden|keyboard|screenSize|smallestScreenSize|locale|layoutDirection|fontScale|screenLayout|density|uiMode"
121-->src/main/AndroidManifest.xml:30:192-342
122            android:exported="true"
122-->src/main/AndroidManifest.xml:30:72-95
123            android:hardwareAccelerated="true"
123-->src/main/AndroidManifest.xml:30:343-377
124            android:label="BOSSA REWARDS"
124-->src/main/AndroidManifest.xml:30:96-125
125            android:launchMode="singleTop"
125-->src/main/AndroidManifest.xml:30:126-156
126            android:theme="@style/LaunchTheme"
126-->src/main/AndroidManifest.xml:30:157-191
127            android:windowSoftInputMode="adjustResize" >
127-->src/main/AndroidManifest.xml:30:378-420
128
129            <!--
130                 Specifies an Android theme to apply to this Activity as soon as
131                                                                 the Android process has started. This theme is visible to the user
132                                                                 while the Flutter UI initializes. After that, this theme continues
133                                                                 to determine the Window background behind the Flutter UI.
134            -->
135            <meta-data
135-->src/main/AndroidManifest.xml:35:13-119
136                android:name="io.flutter.embedding.android.NormalTheme"
136-->src/main/AndroidManifest.xml:35:24-79
137                android:resource="@style/NormalTheme" />
137-->src/main/AndroidManifest.xml:35:80-117
138
139            <intent-filter>
139-->src/main/AndroidManifest.xml:37:13-40:29
140                <action android:name="android.intent.action.MAIN" />
140-->src/main/AndroidManifest.xml:38:17-68
140-->src/main/AndroidManifest.xml:38:25-66
141
142                <category android:name="android.intent.category.LAUNCHER" />
142-->src/main/AndroidManifest.xml:39:17-76
142-->src/main/AndroidManifest.xml:39:27-74
143            </intent-filter>
144        </activity>
145        <!--
146             Don't delete the meta-data below.
147                                             This is used by the Flutter tool to generate GeneratedPluginRegistrant.java
148        -->
149        <meta-data
149-->src/main/AndroidManifest.xml:44:9-71
150            android:name="flutterEmbedding"
150-->src/main/AndroidManifest.xml:44:20-51
151            android:value="2" />
151-->src/main/AndroidManifest.xml:44:52-69
152        <meta-data
152-->src/main/AndroidManifest.xml:45:9-160
153            android:name="com.transistorsoft.locationmanager.license"
153-->src/main/AndroidManifest.xml:45:20-77
154            android:value="837a759e64fc26fcc085002f5b9e22ea54ada8eddbb64be474554663b1964bdf" />
154-->src/main/AndroidManifest.xml:45:78-158
155        <meta-data
155-->src/main/AndroidManifest.xml:47:9-137
156            android:name="com.google.firebase.messaging.default_notification_icon"
156-->src/main/AndroidManifest.xml:47:20-90
157            android:resource="@drawable/ic_notification" />
157-->src/main/AndroidManifest.xml:47:91-135
158        <!-- <meta-data android:name="com.facebook.sdk.ApplicationId" android:value="@string/facebook_app_id"/> -->
159
160
161        <!-- <provider android:name="com.facebook.FacebookContentProvider" android:authorities="com.facebook.app.FacebookContentProvider[facebook_app_id]" android:exported="false"/> -->
162
163        <receiver
163-->src/main/AndroidManifest.xml:52:9-56:20
164            android:name="com.dexterous.flutterlocalnotifications.ScheduledNotificationBootReceiver"
164-->src/main/AndroidManifest.xml:52:19-107
165            android:exported="false" >
165-->[:flutter_local_notifications] AndroidManifest.xml:19:13-37
166            <intent-filter>
166-->src/main/AndroidManifest.xml:53:13-55:29
167                <action android:name="android.intent.action.BOOT_COMPLETED" />
167-->src/main/AndroidManifest.xml:54:17-86
167-->src/main/AndroidManifest.xml:54:25-76
168            </intent-filter>
169            <intent-filter>
169-->[:flutter_local_notifications] AndroidManifest.xml:20:13-25:29
170                <action android:name="android.intent.action.BOOT_COMPLETED" />
170-->src/main/AndroidManifest.xml:54:17-86
170-->src/main/AndroidManifest.xml:54:25-76
171                <action android:name="android.intent.action.MY_PACKAGE_REPLACED" />
171-->[:flutter_local_notifications] AndroidManifest.xml:22:17-84
171-->[:flutter_local_notifications] AndroidManifest.xml:22:25-81
172                <action android:name="android.intent.action.QUICKBOOT_POWERON" />
172-->[:flutter_local_notifications] AndroidManifest.xml:23:17-82
172-->[:flutter_local_notifications] AndroidManifest.xml:23:25-79
173                <action android:name="com.htc.intent.action.QUICKBOOT_POWERON" />
173-->[:flutter_local_notifications] AndroidManifest.xml:24:17-82
173-->[:flutter_local_notifications] AndroidManifest.xml:24:25-79
174            </intent-filter>
175        </receiver>
176        <receiver
176-->src/main/AndroidManifest.xml:57:9-105
177            android:name="com.dexterous.flutterlocalnotifications.ScheduledNotificationReceiver"
177-->src/main/AndroidManifest.xml:57:19-103
178            android:exported="false" />
178-->[:flutter_local_notifications] AndroidManifest.xml:16:13-37
179        <receiver
179-->src/main/AndroidManifest.xml:58:9-138
180            android:name="com.intivoto.flutter_geofence.GeofenceBroadcastReceiver"
180-->src/main/AndroidManifest.xml:58:19-89
181            android:enabled="true"
181-->src/main/AndroidManifest.xml:58:90-112
182            android:exported="true" />
182-->src/main/AndroidManifest.xml:58:113-136
183
184        <service
184-->src/main/AndroidManifest.xml:59:9-134
185            android:name="com.transistorsoft.locationmanager.service.TrackingService"
185-->src/main/AndroidManifest.xml:59:18-91
186            android:foregroundServiceType="location" />
186-->src/main/AndroidManifest.xml:59:92-132
187        <service
187-->src/main/AndroidManifest.xml:60:9-187
188            android:name="com.transistorsoft.locationmanager.service.LocationRequestService"
188-->src/main/AndroidManifest.xml:60:18-98
189            android:foregroundServiceType="location" />
189-->src/main/AndroidManifest.xml:60:99-139
190        <service
190-->[:firebase_messaging] AndroidManifest.xml:14:9-17:72
191            android:name="io.flutter.plugins.firebase.messaging.FlutterFirebaseMessagingBackgroundService"
191-->[:firebase_messaging] AndroidManifest.xml:15:13-107
192            android:exported="false"
192-->[:firebase_messaging] AndroidManifest.xml:16:13-37
193            android:permission="android.permission.BIND_JOB_SERVICE" />
193-->[:firebase_messaging] AndroidManifest.xml:17:13-69
194        <service
194-->[:firebase_messaging] AndroidManifest.xml:18:9-24:19
195            android:name="io.flutter.plugins.firebase.messaging.FlutterFirebaseMessagingService"
195-->[:firebase_messaging] AndroidManifest.xml:19:13-97
196            android:exported="false" >
196-->[:firebase_messaging] AndroidManifest.xml:20:13-37
197            <intent-filter>
197-->[:firebase_messaging] AndroidManifest.xml:21:13-23:29
198                <action android:name="com.google.firebase.MESSAGING_EVENT" />
198-->[:firebase_messaging] AndroidManifest.xml:22:17-78
198-->[:firebase_messaging] AndroidManifest.xml:22:25-75
199            </intent-filter>
200        </service>
201
202        <receiver
202-->[:firebase_messaging] AndroidManifest.xml:26:9-33:20
203            android:name="io.flutter.plugins.firebase.messaging.FlutterFirebaseMessagingReceiver"
203-->[:firebase_messaging] AndroidManifest.xml:27:13-98
204            android:exported="true"
204-->[:firebase_messaging] AndroidManifest.xml:28:13-36
205            android:permission="com.google.android.c2dm.permission.SEND" >
205-->[:firebase_messaging] AndroidManifest.xml:29:13-73
206            <intent-filter>
206-->[:firebase_messaging] AndroidManifest.xml:30:13-32:29
207                <action android:name="com.google.android.c2dm.intent.RECEIVE" />
207-->[:firebase_messaging] AndroidManifest.xml:31:17-81
207-->[:firebase_messaging] AndroidManifest.xml:31:25-78
208            </intent-filter>
209        </receiver>
210
211        <service
211-->[:firebase_messaging] AndroidManifest.xml:35:9-39:19
212            android:name="com.google.firebase.components.ComponentDiscoveryService"
212-->[:firebase_messaging] AndroidManifest.xml:35:18-89
213            android:directBootAware="true"
213-->[com.google.firebase:firebase-common:20.4.2] AndroidManifest.xml:32:13-43
214            android:exported="false" >
214-->[com.google.firebase:firebase-messaging:23.3.1] AndroidManifest.xml:56:13-37
215            <meta-data
215-->[:firebase_messaging] AndroidManifest.xml:36:13-38:85
216                android:name="com.google.firebase.components:io.flutter.plugins.firebase.messaging.FlutterFirebaseAppRegistrar"
216-->[:firebase_messaging] AndroidManifest.xml:37:17-128
217                android:value="com.google.firebase.components.ComponentRegistrar" />
217-->[:firebase_messaging] AndroidManifest.xml:38:17-82
218            <meta-data
218-->[:firebase_core] AndroidManifest.xml:9:13-11:85
219                android:name="com.google.firebase.components:io.flutter.plugins.firebase.core.FlutterFirebaseCoreRegistrar"
219-->[:firebase_core] AndroidManifest.xml:10:17-124
220                android:value="com.google.firebase.components.ComponentRegistrar" />
220-->[:firebase_core] AndroidManifest.xml:11:17-82
221            <meta-data
221-->[com.google.firebase:firebase-messaging:23.3.1] AndroidManifest.xml:57:13-59:85
222                android:name="com.google.firebase.components:com.google.firebase.messaging.FirebaseMessagingKtxRegistrar"
222-->[com.google.firebase:firebase-messaging:23.3.1] AndroidManifest.xml:58:17-122
223                android:value="com.google.firebase.components.ComponentRegistrar" />
223-->[com.google.firebase:firebase-messaging:23.3.1] AndroidManifest.xml:59:17-82
224            <meta-data
224-->[com.google.firebase:firebase-messaging:23.3.1] AndroidManifest.xml:60:13-62:85
225                android:name="com.google.firebase.components:com.google.firebase.messaging.FirebaseMessagingRegistrar"
225-->[com.google.firebase:firebase-messaging:23.3.1] AndroidManifest.xml:61:17-119
226                android:value="com.google.firebase.components.ComponentRegistrar" />
226-->[com.google.firebase:firebase-messaging:23.3.1] AndroidManifest.xml:62:17-82
227            <meta-data
227-->[com.google.firebase:firebase-iid:21.1.0] AndroidManifest.xml:32:13-34:85
228                android:name="com.google.firebase.components:com.google.firebase.iid.Registrar"
228-->[com.google.firebase:firebase-iid:21.1.0] AndroidManifest.xml:33:17-96
229                android:value="com.google.firebase.components.ComponentRegistrar" />
229-->[com.google.firebase:firebase-iid:21.1.0] AndroidManifest.xml:34:17-82
230            <meta-data
230-->[com.google.android.gms:play-services-measurement-api:21.5.0] AndroidManifest.xml:37:13-39:85
231                android:name="com.google.firebase.components:com.google.firebase.analytics.connector.internal.AnalyticsConnectorRegistrar"
231-->[com.google.android.gms:play-services-measurement-api:21.5.0] AndroidManifest.xml:38:17-139
232                android:value="com.google.firebase.components.ComponentRegistrar" />
232-->[com.google.android.gms:play-services-measurement-api:21.5.0] AndroidManifest.xml:39:17-82
233            <meta-data
233-->[com.google.firebase:firebase-installations:17.2.0] AndroidManifest.xml:15:13-17:85
234                android:name="com.google.firebase.components:com.google.firebase.installations.FirebaseInstallationsKtxRegistrar"
234-->[com.google.firebase:firebase-installations:17.2.0] AndroidManifest.xml:16:17-130
235                android:value="com.google.firebase.components.ComponentRegistrar" />
235-->[com.google.firebase:firebase-installations:17.2.0] AndroidManifest.xml:17:17-82
236            <meta-data
236-->[com.google.firebase:firebase-installations:17.2.0] AndroidManifest.xml:18:13-20:85
237                android:name="com.google.firebase.components:com.google.firebase.installations.FirebaseInstallationsRegistrar"
237-->[com.google.firebase:firebase-installations:17.2.0] AndroidManifest.xml:19:17-127
238                android:value="com.google.firebase.components.ComponentRegistrar" />
238-->[com.google.firebase:firebase-installations:17.2.0] AndroidManifest.xml:20:17-82
239            <meta-data
239-->[com.google.firebase:firebase-common-ktx:20.4.2] AndroidManifest.xml:12:13-14:85
240                android:name="com.google.firebase.components:com.google.firebase.ktx.FirebaseCommonLegacyRegistrar"
240-->[com.google.firebase:firebase-common-ktx:20.4.2] AndroidManifest.xml:13:17-116
241                android:value="com.google.firebase.components.ComponentRegistrar" />
241-->[com.google.firebase:firebase-common-ktx:20.4.2] AndroidManifest.xml:14:17-82
242            <meta-data
242-->[com.google.firebase:firebase-common:20.4.2] AndroidManifest.xml:35:13-37:85
243                android:name="com.google.firebase.components:com.google.firebase.FirebaseCommonKtxRegistrar"
243-->[com.google.firebase:firebase-common:20.4.2] AndroidManifest.xml:36:17-109
244                android:value="com.google.firebase.components.ComponentRegistrar" />
244-->[com.google.firebase:firebase-common:20.4.2] AndroidManifest.xml:37:17-82
245            <meta-data
245-->[com.google.firebase:firebase-datatransport:18.1.7] AndroidManifest.xml:27:13-29:85
246                android:name="com.google.firebase.components:com.google.firebase.datatransport.TransportRegistrar"
246-->[com.google.firebase:firebase-datatransport:18.1.7] AndroidManifest.xml:28:17-115
247                android:value="com.google.firebase.components.ComponentRegistrar" />
247-->[com.google.firebase:firebase-datatransport:18.1.7] AndroidManifest.xml:29:17-82
248        </service>
249
250        <provider
250-->[:firebase_messaging] AndroidManifest.xml:41:9-45:38
251            android:name="io.flutter.plugins.firebase.messaging.FlutterFirebaseMessagingInitProvider"
251-->[:firebase_messaging] AndroidManifest.xml:42:13-102
252            android:authorities="com.myapp.bossa.flutterfirebasemessaginginitprovider"
252-->[:firebase_messaging] AndroidManifest.xml:43:13-88
253            android:exported="false"
253-->[:firebase_messaging] AndroidManifest.xml:44:13-37
254            android:initOrder="99" />
254-->[:firebase_messaging] AndroidManifest.xml:45:13-35
255
256        <service
256-->[:geolocator_android] AndroidManifest.xml:8:9-12:56
257            android:name="com.baseflow.geolocator.GeolocatorLocationService"
257-->[:geolocator_android] AndroidManifest.xml:9:13-77
258            android:enabled="true"
258-->[:geolocator_android] AndroidManifest.xml:10:13-35
259            android:exported="false"
259-->[:geolocator_android] AndroidManifest.xml:11:13-37
260            android:foregroundServiceType="location" />
260-->[:geolocator_android] AndroidManifest.xml:12:13-53
261
262        <activity
262-->[:url_launcher_android] AndroidManifest.xml:8:9-11:74
263            android:name="io.flutter.plugins.urllauncher.WebViewActivity"
263-->[:url_launcher_android] AndroidManifest.xml:9:13-74
264            android:exported="false"
264-->[:url_launcher_android] AndroidManifest.xml:10:13-37
265            android:theme="@android:style/Theme.NoTitleBar.Fullscreen" />
265-->[:url_launcher_android] AndroidManifest.xml:11:13-71
266        <!--
267           Declares a provider which allows us to store files to share in
268           '.../caches/share_plus' and grant the receiving action access
269        -->
270        <provider
270-->[:share_plus] AndroidManifest.xml:13:9-21:20
271            android:name="dev.fluttercommunity.plus.share.ShareFileProvider"
271-->[:share_plus] AndroidManifest.xml:14:13-77
272            android:authorities="com.myapp.bossa.flutter.share_provider"
272-->[:share_plus] AndroidManifest.xml:15:13-74
273            android:exported="false"
273-->[:share_plus] AndroidManifest.xml:16:13-37
274            android:grantUriPermissions="true" >
274-->[:share_plus] AndroidManifest.xml:17:13-47
275            <meta-data
275-->[:share_plus] AndroidManifest.xml:18:13-20:68
276                android:name="android.support.FILE_PROVIDER_PATHS"
276-->[:share_plus] AndroidManifest.xml:19:17-67